<?xml version="1.0" encoding="UTF-8"?>
<testsuite xmlns:xsi="http://www.w3.org/2001/XMLSchema-instance" xsi:noNamespaceSchemaLocation="https://maven.apache.org/surefire/maven-surefire-plugin/xsd/surefire-test-report-3.0.xsd" version="3.0" name="com.appgo.api.controller.HealthControllerTest" time="1.065" tests="1" errors="0" skipped="0" failures="0">
  <properties>
[...]
</properties>
  <testcase name="testHealthEndpointReturnsOk" classname="com.appgo.api.controller.HealthControllerTest" time="0.303">
    <system-out><![CDATA[20:22:38.784 [main] INFO org.springframework.test.context.support.AnnotationConfigContextLoaderUtils -- Could not detect default configuration classes for test class [com.appgo.api.controller.HealthControllerTest]: HealthControllerTest does not declare any static, non-private, non-final, nested classes annotated with @Configuration.
20:22:38.853 [main] INFO org.springframework.boot.test.context.SpringBootTestContextBootstrapper -- Found @SpringBootConfiguration com.appgo.BackendApplication for test class com.appgo.api.controller.HealthControllerTest
  .   ____          _            __ _ _
 /\\ / ___'_ __ _ _(_)_ __  __ _ \ \ \ \
( ( )\___ | '_ | '_| | '_ \/ _` | \ \ \ \
 \\/  ___)| |_)| | | | | || (_| |  ) ) ) )
  '  |____| .__|_| |_|_| |_\__, | / / / /
 =========|_|==============|___/=/_/_/_/

 :: Spring Boot ::                (v3.3.0)

2026-06-09T20:22:39.060+02:00  INFO 24332 --- [app-go-backend] [           main] c.a.api.controller.HealthControllerTest  : Starting HealthControllerTest using Java 26 with PID 24332 (started by Adrien in C:\Users\Adrien\copilot-worktrees\app_go_2\adrien0984-issue-1-sprint-1-t001-initialiser-le-socle-back-1873d8)
2026-06-09T20:22:39.061+02:00 DEBUG 24332 --- [app-go-backend] [           main] c.a.api.controller.HealthControllerTest  : Running with Spring Boot v3.3.0, Spring v6.1.8
2026-06-09T20:22:39.061+02:00  INFO 24332 --- [app-go-backend] [           main] c.a.api.controller.HealthControllerTest  : No active profile set, falling back to 1 default profile: "default"
2026-06-09T20:22:39.440+02:00  INFO 24332 --- [app-go-backend] [           main] o.s.b.t.m.w.SpringBootMockServletContext : Initializing Spring TestDispatcherServlet ''
2026-06-09T20:22:39.441+02:00  INFO 24332 --- [app-go-backend] [           main] o.s.t.web.servlet.TestDispatcherServlet  : Initializing Servlet ''
2026-06-09T20:22:39.442+02:00  INFO 24332 --- [app-go-backend] [           main] o.s.t.web.servlet.TestDispatcherServlet  : Completed initialization in 1 ms
2026-06-09T20:22:39.456+02:00  INFO 24332 --- [app-go-backend] [           main] c.a.api.controller.HealthControllerTest  : Started HealthControllerTest in 0.572 seconds (process running for 1.037)
2026-06-09T20:22:39.729+02:00 DEBUG 24332 --- [app-go-backend] [           main] c.appgo.api.controller.HealthController  : Health check endpoint called
]]></system-out>
    <system-err><![CDATA[WARNING: A Java agent has been loaded dynamically (C:\Users\Adrien\.m2\repository\net\bytebuddy\byte-buddy-agent\1.14.16\byte-buddy-agent-1.14.16.jar)
WARNING: If a serviceability tool is in use, please run with -XX:+EnableDynamicAgentLoading to hide this warning
WARNING: If a serviceability tool is not in use, please run with -Djdk.instrument.traceUsage for more information
WARNING: Dynamic loading of agents will be disallowed by default in a future release
]]></system-err>
  </testcase>
</testsuite>